[debug] [2025-10-17T17:01:21.070Z] ----------------------------------------------------------------------
[debug] [2025-10-17T17:01:21.071Z] Command:       /Users/cbucciarelli/.volta/tools/image/node/22.18.0/bin/node /Users/cbucciarelli/.volta/tools/image/packages/firebase-tools/bin/firebase init
[debug] [2025-10-17T17:01:21.072Z] CLI Version:   14.19.1
[debug] [2025-10-17T17:01:21.072Z] Platform:      darwin
[debug] [2025-10-17T17:01:21.072Z] Node Version:  v22.18.0
[debug] [2025-10-17T17:01:21.072Z] Time:          Fri Oct 17 2025 19:01:21 GMT+0200 (Central European Summer Time)
[debug] [2025-10-17T17:01:21.072Z] ----------------------------------------------------------------------
[debug] 
[debug] [2025-10-17T17:01:21.073Z] >>> [apiv2][query] GET https://firebase-public.firebaseio.com/cli.json [none]
[info] 
     ######## #### ########  ######## ########     ###     ######  ########
     ##        ##  ##     ## ##       ##     ##  ##   ##  ##       ##
     ######    ##  ########  ######   ########  #########  ######  ######
     ##        ##  ##    ##  ##       ##     ## ##     ##       ## ##
     ##       #### ##     ## ######## ########  ##     ##  ######  ########

You're about to initialize a Firebase project in this directory:

  /Users/cbucciarelli/Documents/personal-projects/filch

Before we get started, keep in mind:

  * You are initializing within an existing Firebase project directory

[debug] [2025-10-17T17:01:21.469Z] <<< [apiv2][status] GET https://firebase-public.firebaseio.com/cli.json 200
[debug] [2025-10-17T17:01:21.469Z] <<< [apiv2][body] GET https://firebase-public.firebaseio.com/cli.json {"cloudBuildErrorAfter":1594252800000,"cloudBuildWarnAfter":1590019200000,"defaultNode10After":1594252800000,"minVersion":"3.0.5","node8DeploysDisabledAfter":1613390400000,"node8RuntimeDisabledAfter":1615809600000,"node8WarnAfter":1600128000000}
[debug] [2025-10-17T17:01:33.446Z] ExitPromptError: User force closed the prompt with SIGINT
    at Interface.sigint (/Users/cbucciarelli/.volta/tools/image/packages/firebase-tools/lib/node_modules/firebase-tools/node_modules/@inquirer/core/dist/commonjs/lib/create-prompt.js:101:37)
    at Interface.emit (node:events:518:28)
    at Interface.emit (node:domain:489:12)
    at [_ttyWrite] [as _ttyWrite] (node:internal/readline/interface:1132:18)
    at ReadStream.onkeypress (node:internal/readline/interface:271:20)
    at ReadStream.emit (node:events:530:35)
    at ReadStream.emit (node:domain:489:12)
    at emitKeys (node:internal/readline/utils:370:14)
    at emitKeys.next (<anonymous>)
    at ReadStream.onData (node:internal/readline/emitKeypressEvents:64:36)
[error] 
[error] Error: An unexpected error has occurred.
